<?xml version="1.0" encoding="UTF-8"?>
<testsuite xmlns:xsi="http://www.w3.org/2001/XMLSchema-instance" xsi:noNamespaceSchemaLocation="https://maven.apache.org/surefire/maven-surefire-plugin/xsd/surefire-test-report.xsd" name="com.upgrad.quora.api.controller.UserControllerTest" time="0.946" tests="3" errors="0" skipped="0" failures="0">
  <properties>
    <property name="sun.desktop" value="windows"/>
    <property name="awt.toolkit" value="sun.awt.windows.WToolkit"/>
    <property name="file.encoding.pkg" value="sun.io"/>
    <property name="java.specification.version" value="1.8"/>
    <property name="sun.cpu.isalist" value="amd64"/>
    <property name="sun.jnu.encoding" value="Cp1252"/>
    <property name="java.class.path" value="C:\Users\Manjunathan\Desktop\Blockchain_PGDiploma\BakendAPI\quora_stub\Trello_quora\quora-api\target\test-classes;C:\Users\Manjunathan\Desktop\Blockchain_PGDiploma\BakendAPI\quora_stub\Trello_quora\quora-api\target\classes;E:\ManjuWS\MyRespository\org\springframework\boot\spring-boot-starter-web\2.0.1.RELEASE\spring-boot-starter-web-2.0.1.RELEASE.jar;E:\ManjuWS\MyRespository\org\springframework\boot\spring-boot-starter\2.0.1.RELEASE\spring-boot-starter-2.0.1.RELEASE.jar;E:\ManjuWS\MyRespository\org\springframework\boot\spring-boot\2.0.1.RELEASE\spring-boot-2.0.1.RELEASE.jar;E:\ManjuWS\MyRespository\org\springframework\boot\spring-boot-autoconfigure\2.0.1.RELEASE\spring-boot-autoconfigure-2.0.1.RELEASE.jar;E:\ManjuWS\MyRespository\org\springframework\boot\spring-boot-starter-logging\2.0.1.RELEASE\spring-boot-starter-logging-2.0.1.RELEASE.jar;E:\ManjuWS\MyRespository\org\apache\logging\log4j\log4j-to-slf4j\2.10.0\log4j-to-slf4j-2.10.0.jar;E:\ManjuWS\MyRespository\org\apache\logging\log4j\log4j-api\2.10.0\log4j-api-2.10.0.jar;E:\ManjuWS\MyRespository\org\slf4j\jul-to-slf4j\1.7.25\jul-to-slf4j-1.7.25.jar;E:\ManjuWS\MyRespository\javax\annotation\javax.annotation-api\1.3.2\javax.annotation-api-1.3.2.jar;E:\ManjuWS\MyRespository\org\yaml\snakeyaml\1.19\snakeyaml-1.19.jar;E:\ManjuWS\MyRespository\org\springframework\boot\spring-boot-starter-json\2.0.1.RELEASE\spring-boot-starter-json-2.0.1.RELEASE.jar;E:\ManjuWS\MyRespository\com\fasterxml\jackson\core\jackson-databind\2.9.5\jackson-databind-2.9.5.jar;E:\ManjuWS\MyRespository\com\fasterxml\jackson\core\jackson-core\2.9.5\jackson-core-2.9.5.jar;E:\ManjuWS\MyRespository\com\fasterxml\jackson\datatype\jackson-datatype-jdk8\2.9.5\jackson-datatype-jdk8-2.9.5.jar;E:\ManjuWS\MyRespository\com\fasterxml\jackson\datatype\jackson-datatype-jsr310\2.9.5\jackson-datatype-jsr310-2.9.5.jar;E:\ManjuWS\MyRespository\com\fasterxml\jackson\module\jackson-module-parameter-names\2.9.5\jackson-module-parameter-names-2.9.5.jar;E:\ManjuWS\MyRespository\org\springframework\boot\spring-boot-starter-tomcat\2.0.1.RELEASE\spring-boot-starter-tomcat-2.0.1.RELEASE.jar;E:\ManjuWS\MyRespository\org\apache\tomcat\embed\tomcat-embed-core\8.5.29\tomcat-embed-core-8.5.29.jar;E:\ManjuWS\MyRespository\org\apache\tomcat\embed\tomcat-embed-el\8.5.29\tomcat-embed-el-8.5.29.jar;E:\ManjuWS\MyRespository\org\apache\tomcat\embed\tomcat-embed-websocket\8.5.29\tomcat-embed-websocket-8.5.29.jar;E:\ManjuWS\MyRespository\org\hibernate\validator\hibernate-validator\6.0.9.Final\hibernate-validator-6.0.9.Final.jar;E:\ManjuWS\MyRespository\javax\validation\validation-api\2.0.1.Final\validation-api-2.0.1.Final.jar;E:\ManjuWS\MyRespository\org\jboss\logging\jboss-logging\3.3.2.Final\jboss-logging-3.3.2.Final.jar;E:\ManjuWS\MyRespository\org\springframework\spring-webmvc\5.0.5.RELEASE\spring-webmvc-5.0.5.RELEASE.jar;E:\ManjuWS\MyRespository\io\swagger\swagger-annotations\1.5.18\swagger-annotations-1.5.18.jar;E:\ManjuWS\MyRespository\io\springfox\springfox-swagger2\2.6.1\springfox-swagger2-2.6.1.jar;E:\ManjuWS\MyRespository\io\swagger\swagger-models\1.5.10\swagger-models-1.5.10.jar;E:\ManjuWS\MyRespository\io\springfox\springfox-spi\2.6.1\springfox-spi-2.6.1.jar;E:\ManjuWS\MyRespository\io\springfox\springfox-core\2.6.1\springfox-core-2.6.1.jar;E:\ManjuWS\MyRespository\io\springfox\springfox-schema\2.6.1\springfox-schema-2.6.1.jar;E:\ManjuWS\MyRespository\io\springfox\springfox-swagger-common\2.6.1\springfox-swagger-common-2.6.1.jar;E:\ManjuWS\MyRespository\io\springfox\springfox-spring-web\2.6.1\springfox-spring-web-2.6.1.jar;E:\ManjuWS\MyRespository\com\google\guava\guava\18.0\guava-18.0.jar;E:\ManjuWS\MyRespository\com\fasterxml\classmate\1.3.4\classmate-1.3.4.jar;E:\ManjuWS\MyRespository\org\slf4j\slf4j-api\1.7.25\slf4j-api-1.7.25.jar;E:\ManjuWS\MyRespository\org\springframework\plugin\spring-plugin-core\1.2.0.RELEASE\spring-plugin-core-1.2.0.RELEASE.jar;E:\ManjuWS\MyRespository\org\springframework\plugin\spring-plugin-metadata\1.2.0.RELEASE\spring-plugin-metadata-1.2.0.RELEASE.jar;E:\ManjuWS\MyRespository\org\mapstruct\mapstruct\1.0.0.Final\mapstruct-1.0.0.Final.jar;E:\ManjuWS\MyRespository\io\springfox\springfox-swagger-ui\2.6.1\springfox-swagger-ui-2.6.1.jar;C:\Users\Manjunathan\Desktop\Blockchain_PGDiploma\BakendAPI\quora_stub\Trello_quora\quora-service\target\quora-service-1.0-SNAPSHOT.jar;E:\ManjuWS\MyRespository\org\springframework\boot\spring-boot-starter-validation\2.0.1.RELEASE\spring-boot-starter-validation-2.0.1.RELEASE.jar;E:\ManjuWS\MyRespository\org\springframework\boot\spring-boot-starter-data-jpa\2.0.1.RELEASE\spring-boot-starter-data-jpa-2.0.1.RELEASE.jar;E:\ManjuWS\MyRespository\org\springframework\boot\spring-boot-starter-aop\2.0.1.RELEASE\spring-boot-starter-aop-2.0.1.RELEASE.jar;E:\ManjuWS\MyRespository\org\aspectj\aspectjweaver\1.8.13\aspectjweaver-1.8.13.jar;E:\ManjuWS\MyRespository\org\springframework\boot\spring-boot-starter-jdbc\2.0.1.RELEASE\spring-boot-starter-jdbc-2.0.1.RELEASE.jar;E:\ManjuWS\MyRespository\com\zaxxer\HikariCP\2.7.8\HikariCP-2.7.8.jar;E:\ManjuWS\MyRespository\org\springframework\spring-jdbc\5.0.5.RELEASE\spring-jdbc-5.0.5.RELEASE.jar;E:\ManjuWS\MyRespository\org\hibernate\hibernate-core\5.2.16.Final\hibernate-core-5.2.16.Final.jar;E:\ManjuWS\MyRespository\org\hibernate\javax\persistence\hibernate-jpa-2.1-api\1.0.0.Final\hibernate-jpa-2.1-api-1.0.0.Final.jar;E:\ManjuWS\MyRespository\antlr\antlr\2.7.7\antlr-2.7.7.jar;E:\ManjuWS\MyRespository\org\jboss\jandex\2.0.3.Final\jandex-2.0.3.Final.jar;E:\ManjuWS\MyRespository\dom4j\dom4j\1.6.1\dom4j-1.6.1.jar;E:\ManjuWS\MyRespository\org\hibernate\common\hibernate-commons-annotations\5.0.1.Final\hibernate-commons-annotations-5.0.1.Final.jar;E:\ManjuWS\MyRespository\javax\transaction\javax.transaction-api\1.2\javax.transaction-api-1.2.jar;E:\ManjuWS\MyRespository\org\springframework\data\spring-data-jpa\2.0.6.RELEASE\spring-data-jpa-2.0.6.RELEASE.jar;E:\ManjuWS\MyRespository\org\springframework\data\spring-data-commons\2.0.6.RELEASE\spring-data-commons-2.0.6.RELEASE.jar;E:\ManjuWS\MyRespository\org\springframework\spring-orm\5.0.5.RELEASE\spring-orm-5.0.5.RELEASE.jar;E:\ManjuWS\MyRespository\org\springframework\spring-tx\5.0.5.RELEASE\spring-tx-5.0.5.RELEASE.jar;E:\ManjuWS\MyRespository\org\springframework\spring-aspects\5.0.5.RELEASE\spring-aspects-5.0.5.RELEASE.jar;E:\ManjuWS\MyRespository\org\apache\commons\commons-lang3\3.7\commons-lang3-3.7.jar;E:\ManjuWS\MyRespository\ch\qos\logback\logback-classic\1.2.3\logback-classic-1.2.3.jar;E:\ManjuWS\MyRespository\ch\qos\logback\logback-core\1.2.3\logback-core-1.2.3.jar;E:\ManjuWS\MyRespository\com\auth0\java-jwt\3.4.0\java-jwt-3.4.0.jar;E:\ManjuWS\MyRespository\commons-codec\commons-codec\1.11\commons-codec-1.11.jar;E:\ManjuWS\MyRespository\org\springframework\boot\spring-boot-starter-test\2.0.1.RELEASE\spring-boot-starter-test-2.0.1.RELEASE.jar;E:\ManjuWS\MyRespository\org\springframework\boot\spring-boot-test\2.0.1.RELEASE\spring-boot-test-2.0.1.RELEASE.jar;E:\ManjuWS\MyRespository\org\springframework\boot\spring-boot-test-autoconfigure\2.0.1.RELEASE\spring-boot-test-autoconfigure-2.0.1.RELEASE.jar;E:\ManjuWS\MyRespository\com\jayway\jsonpath\json-path\2.4.0\json-path-2.4.0.jar;E:\ManjuWS\MyRespository\net\minidev\json-smart\2.3\json-smart-2.3.jar;E:\ManjuWS\MyRespository\net\minidev\accessors-smart\1.2\accessors-smart-1.2.jar;E:\ManjuWS\MyRespository\org\ow2\asm\asm\5.0.4\asm-5.0.4.jar;E:\ManjuWS\MyRespository\junit\junit\4.12\junit-4.12.jar;E:\ManjuWS\MyRespository\org\assertj\assertj-core\3.9.1\assertj-core-3.9.1.jar;E:\ManjuWS\MyRespository\org\mockito\mockito-core\2.15.0\mockito-core-2.15.0.jar;E:\ManjuWS\MyRespository\net\bytebuddy\byte-buddy\1.7.11\byte-buddy-1.7.11.jar;E:\ManjuWS\MyRespository\net\bytebuddy\byte-buddy-agent\1.7.11\byte-buddy-agent-1.7.11.jar;E:\ManjuWS\MyRespository\org\objenesis\objenesis\2.6\objenesis-2.6.jar;E:\ManjuWS\MyRespository\org\hamcrest\hamcrest-core\1.3\hamcrest-core-1.3.jar;E:\ManjuWS\MyRespository\org\hamcrest\hamcrest-library\1.3\hamcrest-library-1.3.jar;E:\ManjuWS\MyRespository\org\skyscreamer\jsonassert\1.5.0\jsonassert-1.5.0.jar;E:\ManjuWS\MyRespository\com\vaadin\external\google\android-json\0.0.20131108.vaadin1\android-json-0.0.20131108.vaadin1.jar;E:\ManjuWS\MyRespository\org\springframework\spring-core\5.0.5.RELEASE\spring-core-5.0.5.RELEASE.jar;E:\ManjuWS\MyRespository\org\springframework\spring-jcl\5.0.5.RELEASE\spring-jcl-5.0.5.RELEASE.jar;E:\ManjuWS\MyRespository\org\springframework\spring-test\5.0.5.RELEASE\spring-test-5.0.5.RELEASE.jar;E:\ManjuWS\MyRespository\org\xmlunit\xmlunit-core\2.5.1\xmlunit-core-2.5.1.jar;E:\ManjuWS\MyRespository\javax\xml\bind\jaxb-api\2.3.0\jaxb-api-2.3.0.jar;E:\ManjuWS\MyRespository\org\springframework\spring-web\5.0.8.RELEASE\spring-web-5.0.8.RELEASE.jar;E:\ManjuWS\MyRespository\org\springframework\spring-beans\5.0.5.RELEASE\spring-beans-5.0.5.RELEASE.jar;E:\ManjuWS\MyRespository\com\fasterxml\jackson\core\jackson-annotations\2.9.6\jackson-annotations-2.9.6.jar;E:\ManjuWS\MyRespository\org\springframework\spring-context\5.0.8.RELEASE\spring-context-5.0.8.RELEASE.jar;E:\ManjuWS\MyRespository\org\springframework\spring-aop\5.0.5.RELEASE\spring-aop-5.0.5.RELEASE.jar;E:\ManjuWS\MyRespository\org\springframework\spring-expression\5.0.5.RELEASE\spring-expression-5.0.5.RELEASE.jar;E:\ManjuWS\MyRespository\org\postgresql\postgresql\42.2.2\postgresql-42.2.2.jar;E:\ManjuWS\MyRespository\org\javassist\javassist\3.23.1-GA\javassist-3.23.1-GA.jar;"/>
    <property name="java.vm.vendor" value="Oracle Corporation"/>
    <property name="sun.arch.data.model" value="64"/>
    <property name="user.variant" value=""/>
    <property name="java.vendor.url" value="http://java.oracle.com/"/>
    <property name="user.timezone" value=""/>
    <property name="java.vm.specification.version" value="1.8"/>
    <property name="os.name" value="Windows 10"/>
    <property name="user.country" value="US"/>
    <property name="sun.java.launcher" value="SUN_STANDARD"/>
    <property name="sun.boot.library.path" value="C:\Program Files\Java\jdk1.8.0_241\jre\bin"/>
    <property name="sun.java.command" value="C:\Users\MANJUN~1\AppData\Local\Temp\surefire3842418717082543147\surefirebooter3266277203929634699.jar C:\Users\Manjunathan\AppData\Local\Temp\surefire3842418717082543147 2020-04-17T22-26-03_546-jvmRun1 surefire6682052901157679066tmp surefire_06613938198443492159tmp"/>
    <property name="surefire.test.class.path" value="C:\Users\Manjunathan\Desktop\Blockchain_PGDiploma\BakendAPI\quora_stub\Trello_quora\quora-api\target\test-classes;C:\Users\Manjunathan\Desktop\Blockchain_PGDiploma\BakendAPI\quora_stub\Trello_quora\quora-api\target\classes;E:\ManjuWS\MyRespository\org\springframework\boot\spring-boot-starter-web\2.0.1.RELEASE\spring-boot-starter-web-2.0.1.RELEASE.jar;E:\ManjuWS\MyRespository\org\springframework\boot\spring-boot-starter\2.0.1.RELEASE\spring-boot-starter-2.0.1.RELEASE.jar;E:\ManjuWS\MyRespository\org\springframework\boot\spring-boot\2.0.1.RELEASE\spring-boot-2.0.1.RELEASE.jar;E:\ManjuWS\MyRespository\org\springframework\boot\spring-boot-autoconfigure\2.0.1.RELEASE\spring-boot-autoconfigure-2.0.1.RELEASE.jar;E:\ManjuWS\MyRespository\org\springframework\boot\spring-boot-starter-logging\2.0.1.RELEASE\spring-boot-starter-logging-2.0.1.RELEASE.jar;E:\ManjuWS\MyRespository\org\apache\logging\log4j\log4j-to-slf4j\2.10.0\log4j-to-slf4j-2.10.0.jar;E:\ManjuWS\MyRespository\org\apache\logging\log4j\log4j-api\2.10.0\log4j-api-2.10.0.jar;E:\ManjuWS\MyRespository\org\slf4j\jul-to-slf4j\1.7.25\jul-to-slf4j-1.7.25.jar;E:\ManjuWS\MyRespository\javax\annotation\javax.annotation-api\1.3.2\javax.annotation-api-1.3.2.jar;E:\ManjuWS\MyRespository\org\yaml\snakeyaml\1.19\snakeyaml-1.19.jar;E:\ManjuWS\MyRespository\org\springframework\boot\spring-boot-starter-json\2.0.1.RELEASE\spring-boot-starter-json-2.0.1.RELEASE.jar;E:\ManjuWS\MyRespository\com\fasterxml\jackson\core\jackson-databind\2.9.5\jackson-databind-2.9.5.jar;E:\ManjuWS\MyRespository\com\fasterxml\jackson\core\jackson-core\2.9.5\jackson-core-2.9.5.jar;E:\ManjuWS\MyRespository\com\fasterxml\jackson\datatype\jackson-datatype-jdk8\2.9.5\jackson-datatype-jdk8-2.9.5.jar;E:\ManjuWS\MyRespository\com\fasterxml\jackson\datatype\jackson-datatype-jsr310\2.9.5\jackson-datatype-jsr310-2.9.5.jar;E:\ManjuWS\MyRespository\com\fasterxml\jackson\module\jackson-module-parameter-names\2.9.5\jackson-module-parameter-names-2.9.5.jar;E:\ManjuWS\MyRespository\org\springframework\boot\spring-boot-starter-tomcat\2.0.1.RELEASE\spring-boot-starter-tomcat-2.0.1.RELEASE.jar;E:\ManjuWS\MyRespository\org\apache\tomcat\embed\tomcat-embed-core\8.5.29\tomcat-embed-core-8.5.29.jar;E:\ManjuWS\MyRespository\org\apache\tomcat\embed\tomcat-embed-el\8.5.29\tomcat-embed-el-8.5.29.jar;E:\ManjuWS\MyRespository\org\apache\tomcat\embed\tomcat-embed-websocket\8.5.29\tomcat-embed-websocket-8.5.29.jar;E:\ManjuWS\MyRespository\org\hibernate\validator\hibernate-validator\6.0.9.Final\hibernate-validator-6.0.9.Final.jar;E:\ManjuWS\MyRespository\javax\validation\validation-api\2.0.1.Final\validation-api-2.0.1.Final.jar;E:\ManjuWS\MyRespository\org\jboss\logging\jboss-logging\3.3.2.Final\jboss-logging-3.3.2.Final.jar;E:\ManjuWS\MyRespository\org\springframework\spring-webmvc\5.0.5.RELEASE\spring-webmvc-5.0.5.RELEASE.jar;E:\ManjuWS\MyRespository\io\swagger\swagger-annotations\1.5.18\swagger-annotations-1.5.18.jar;E:\ManjuWS\MyRespository\io\springfox\springfox-swagger2\2.6.1\springfox-swagger2-2.6.1.jar;E:\ManjuWS\MyRespository\io\swagger\swagger-models\1.5.10\swagger-models-1.5.10.jar;E:\ManjuWS\MyRespository\io\springfox\springfox-spi\2.6.1\springfox-spi-2.6.1.jar;E:\ManjuWS\MyRespository\io\springfox\springfox-core\2.6.1\springfox-core-2.6.1.jar;E:\ManjuWS\MyRespository\io\springfox\springfox-schema\2.6.1\springfox-schema-2.6.1.jar;E:\ManjuWS\MyRespository\io\springfox\springfox-swagger-common\2.6.1\springfox-swagger-common-2.6.1.jar;E:\ManjuWS\MyRespository\io\springfox\springfox-spring-web\2.6.1\springfox-spring-web-2.6.1.jar;E:\ManjuWS\MyRespository\com\google\guava\guava\18.0\guava-18.0.jar;E:\ManjuWS\MyRespository\com\fasterxml\classmate\1.3.4\classmate-1.3.4.jar;E:\ManjuWS\MyRespository\org\slf4j\slf4j-api\1.7.25\slf4j-api-1.7.25.jar;E:\ManjuWS\MyRespository\org\springframework\plugin\spring-plugin-core\1.2.0.RELEASE\spring-plugin-core-1.2.0.RELEASE.jar;E:\ManjuWS\MyRespository\org\springframework\plugin\spring-plugin-metadata\1.2.0.RELEASE\spring-plugin-metadata-1.2.0.RELEASE.jar;E:\ManjuWS\MyRespository\org\mapstruct\mapstruct\1.0.0.Final\mapstruct-1.0.0.Final.jar;E:\ManjuWS\MyRespository\io\springfox\springfox-swagger-ui\2.6.1\springfox-swagger-ui-2.6.1.jar;C:\Users\Manjunathan\Desktop\Blockchain_PGDiploma\BakendAPI\quora_stub\Trello_quora\quora-service\target\quora-service-1.0-SNAPSHOT.jar;E:\ManjuWS\MyRespository\org\springframework\boot\spring-boot-starter-validation\2.0.1.RELEASE\spring-boot-starter-validation-2.0.1.RELEASE.jar;E:\ManjuWS\MyRespository\org\springframework\boot\spring-boot-starter-data-jpa\2.0.1.RELEASE\spring-boot-starter-data-jpa-2.0.1.RELEASE.jar;E:\ManjuWS\MyRespository\org\springframework\boot\spring-boot-starter-aop\2.0.1.RELEASE\spring-boot-starter-aop-2.0.1.RELEASE.jar;E:\ManjuWS\MyRespository\org\aspectj\aspectjweaver\1.8.13\aspectjweaver-1.8.13.jar;E:\ManjuWS\MyRespository\org\springframework\boot\spring-boot-starter-jdbc\2.0.1.RELEASE\spring-boot-starter-jdbc-2.0.1.RELEASE.jar;E:\ManjuWS\MyRespository\com\zaxxer\HikariCP\2.7.8\HikariCP-2.7.8.jar;E:\ManjuWS\MyRespository\org\springframework\spring-jdbc\5.0.5.RELEASE\spring-jdbc-5.0.5.RELEASE.jar;E:\ManjuWS\MyRespository\org\hibernate\hibernate-core\5.2.16.Final\hibernate-core-5.2.16.Final.jar;E:\ManjuWS\MyRespository\org\hibernate\javax\persistence\hibernate-jpa-2.1-api\1.0.0.Final\hibernate-jpa-2.1-api-1.0.0.Final.jar;E:\ManjuWS\MyRespository\antlr\antlr\2.7.7\antlr-2.7.7.jar;E:\ManjuWS\MyRespository\org\jboss\jandex\2.0.3.Final\jandex-2.0.3.Final.jar;E:\ManjuWS\MyRespository\dom4j\dom4j\1.6.1\dom4j-1.6.1.jar;E:\ManjuWS\MyRespository\org\hibernate\common\hibernate-commons-annotations\5.0.1.Final\hibernate-commons-annotations-5.0.1.Final.jar;E:\ManjuWS\MyRespository\javax\transaction\javax.transaction-api\1.2\javax.transaction-api-1.2.jar;E:\ManjuWS\MyRespository\org\springframework\data\spring-data-jpa\2.0.6.RELEASE\spring-data-jpa-2.0.6.RELEASE.jar;E:\ManjuWS\MyRespository\org\springframework\data\spring-data-commons\2.0.6.RELEASE\spring-data-commons-2.0.6.RELEASE.jar;E:\ManjuWS\MyRespository\org\springframework\spring-orm\5.0.5.RELEASE\spring-orm-5.0.5.RELEASE.jar;E:\ManjuWS\MyRespository\org\springframework\spring-tx\5.0.5.RELEASE\spring-tx-5.0.5.RELEASE.jar;E:\ManjuWS\MyRespository\org\springframework\spring-aspects\5.0.5.RELEASE\spring-aspects-5.0.5.RELEASE.jar;E:\ManjuWS\MyRespository\org\apache\commons\commons-lang3\3.7\commons-lang3-3.7.jar;E:\ManjuWS\MyRespository\ch\qos\logback\logback-classic\1.2.3\logback-classic-1.2.3.jar;E:\ManjuWS\MyRespository\ch\qos\logback\logback-core\1.2.3\logback-core-1.2.3.jar;E:\ManjuWS\MyRespository\com\auth0\java-jwt\3.4.0\java-jwt-3.4.0.jar;E:\ManjuWS\MyRespository\commons-codec\commons-codec\1.11\commons-codec-1.11.jar;E:\ManjuWS\MyRespository\org\springframework\boot\spring-boot-starter-test\2.0.1.RELEASE\spring-boot-starter-test-2.0.1.RELEASE.jar;E:\ManjuWS\MyRespository\org\springframework\boot\spring-boot-test\2.0.1.RELEASE\spring-boot-test-2.0.1.RELEASE.jar;E:\ManjuWS\MyRespository\org\springframework\boot\spring-boot-test-autoconfigure\2.0.1.RELEASE\spring-boot-test-autoconfigure-2.0.1.RELEASE.jar;E:\ManjuWS\MyRespository\com\jayway\jsonpath\json-path\2.4.0\json-path-2.4.0.jar;E:\ManjuWS\MyRespository\net\minidev\json-smart\2.3\json-smart-2.3.jar;E:\ManjuWS\MyRespository\net\minidev\accessors-smart\1.2\accessors-smart-1.2.jar;E:\ManjuWS\MyRespository\org\ow2\asm\asm\5.0.4\asm-5.0.4.jar;E:\ManjuWS\MyRespository\junit\junit\4.12\junit-4.12.jar;E:\ManjuWS\MyRespository\org\assertj\assertj-core\3.9.1\assertj-core-3.9.1.jar;E:\ManjuWS\MyRespository\org\mockito\mockito-core\2.15.0\mockito-core-2.15.0.jar;E:\ManjuWS\MyRespository\net\bytebuddy\byte-buddy\1.7.11\byte-buddy-1.7.11.jar;E:\ManjuWS\MyRespository\net\bytebuddy\byte-buddy-agent\1.7.11\byte-buddy-agent-1.7.11.jar;E:\ManjuWS\MyRespository\org\objenesis\objenesis\2.6\objenesis-2.6.jar;E:\ManjuWS\MyRespository\org\hamcrest\hamcrest-core\1.3\hamcrest-core-1.3.jar;E:\ManjuWS\MyRespository\org\hamcrest\hamcrest-library\1.3\hamcrest-library-1.3.jar;E:\ManjuWS\MyRespository\org\skyscreamer\jsonassert\1.5.0\jsonassert-1.5.0.jar;E:\ManjuWS\MyRespository\com\vaadin\external\google\android-json\0.0.20131108.vaadin1\android-json-0.0.20131108.vaadin1.jar;E:\ManjuWS\MyRespository\org\springframework\spring-core\5.0.5.RELEASE\spring-core-5.0.5.RELEASE.jar;E:\ManjuWS\MyRespository\org\springframework\spring-jcl\5.0.5.RELEASE\spring-jcl-5.0.5.RELEASE.jar;E:\ManjuWS\MyRespository\org\springframework\spring-test\5.0.5.RELEASE\spring-test-5.0.5.RELEASE.jar;E:\ManjuWS\MyRespository\org\xmlunit\xmlunit-core\2.5.1\xmlunit-core-2.5.1.jar;E:\ManjuWS\MyRespository\javax\xml\bind\jaxb-api\2.3.0\jaxb-api-2.3.0.jar;E:\ManjuWS\MyRespository\org\springframework\spring-web\5.0.8.RELEASE\spring-web-5.0.8.RELEASE.jar;E:\ManjuWS\MyRespository\org\springframework\spring-beans\5.0.5.RELEASE\spring-beans-5.0.5.RELEASE.jar;E:\ManjuWS\MyRespository\com\fasterxml\jackson\core\jackson-annotations\2.9.6\jackson-annotations-2.9.6.jar;E:\ManjuWS\MyRespository\org\springframework\spring-context\5.0.8.RELEASE\spring-context-5.0.8.RELEASE.jar;E:\ManjuWS\MyRespository\org\springframework\spring-aop\5.0.5.RELEASE\spring-aop-5.0.5.RELEASE.jar;E:\ManjuWS\MyRespository\org\springframework\spring-expression\5.0.5.RELEASE\spring-expression-5.0.5.RELEASE.jar;E:\ManjuWS\MyRespository\org\postgresql\postgresql\42.2.2\postgresql-42.2.2.jar;E:\ManjuWS\MyRespository\org\javassist\javassist\3.23.1-GA\javassist-3.23.1-GA.jar;"/>
    <property name="sun.cpu.endian" value="little"/>
    <property name="user.home" value="C:\Users\Manjunathan"/>
    <property name="user.language" value="en"/>
    <property name="java.specification.vendor" value="Oracle Corporation"/>
    <property name="java.home" value="C:\Program Files\Java\jdk1.8.0_241\jre"/>
    <property name="basedir" value="C:\Users\Manjunathan\Desktop\Blockchain_PGDiploma\BakendAPI\quora_stub\Trello_quora\quora-api"/>
    <property name="file.separator" value="\"/>
    <property name="line.separator" value="&#10;"/>
    <property name="java.vm.specification.vendor" value="Oracle Corporation"/>
    <property name="java.specification.name" value="Java Platform API Specification"/>
    <property name="java.awt.graphicsenv" value="sun.awt.Win32GraphicsEnvironment"/>
    <property name="surefire.real.class.path" value="C:\Users\MANJUN~1\AppData\Local\Temp\surefire3842418717082543147\surefirebooter3266277203929634699.jar"/>
    <property name="sun.boot.class.path" value="C:\Program Files\Java\jdk1.8.0_241\jre\lib\resources.jar;C:\Program Files\Java\jdk1.8.0_241\jre\lib\rt.jar;C:\Program Files\Java\jdk1.8.0_241\jre\lib\sunrsasign.jar;C:\Program Files\Java\jdk1.8.0_241\jre\lib\jsse.jar;C:\Program Files\Java\jdk1.8.0_241\jre\lib\jce.jar;C:\Program Files\Java\jdk1.8.0_241\jre\lib\charsets.jar;C:\Program Files\Java\jdk1.8.0_241\jre\lib\jfr.jar;C:\Program Files\Java\jdk1.8.0_241\jre\classes"/>
    <property name="user.script" value=""/>
    <property name="sun.management.compiler" value="HotSpot 64-Bit Tiered Compilers"/>
    <property name="java.runtime.version" value="1.8.0_241-b07"/>
    <property name="user.name" value="Manjunathan"/>
    <property name="path.separator" value=";"/>
    <property name="os.version" value="10.0"/>
    <property name="java.endorsed.dirs" value="C:\Program Files\Java\jdk1.8.0_241\jre\lib\endorsed"/>
    <property name="java.runtime.name" value="Java(TM) SE Runtime Environment"/>
    <property name="file.encoding" value="Cp1252"/>
    <property name="java.vm.name" value="Java HotSpot(TM) 64-Bit Server VM"/>
    <property name="localRepository" value="E:\ManjuWS\MyRespository"/>
    <property name="java.vendor.url.bug" value="http://bugreport.sun.com/bugreport/"/>
    <property name="java.io.tmpdir" value="C:\Users\MANJUN~1\AppData\Local\Temp\"/>
    <property name="java.version" value="1.8.0_241"/>
    <property name="user.dir" value="C:\Users\Manjunathan\Desktop\Blockchain_PGDiploma\BakendAPI\quora_stub\Trello_quora\quora-api"/>
    <property name="os.arch" value="amd64"/>
    <property name="java.vm.specification.name" value="Java Virtual Machine Specification"/>
    <property name="java.awt.printerjob" value="sun.awt.windows.WPrinterJob"/>
    <property name="sun.os.patch.level" value=""/>
    <property name="java.library.path" value="C:\Program Files\Java\jdk1.8.0_241\jre\bin;C:\WINDOWS\Sun\Java\bin;C:\WINDOWS\system32;C:\WINDOWS;C:\ProgramData\Oracle\Java\javapath;C:\Program Files (x86)\Intel\iCLS Client\;C:\Program Files\Intel\iCLS Client\;C:\WINDOWS\system32;C:\WINDOWS;C:\WINDOWS\System32\Wbem;C:\WINDOWS\System32\WindowsPowerShell\v1.0\;C:\Program Files (x86)\Java\jdk1.8.0_51\bin;C:\Program Files\Intel\Intel(R) Management Engine Components\DAL;C:\Program Files\Intel\Intel(R) Management Engine Components\IPT;C:\Program Files (x86)\Skype\Phone\;C:\WINDOWS\System32\OpenSSH\;C:\Program Files\Git\cmd;C:\Program Files\apache-maven-3.6.3\bin;C:\Program Files (x86)\Java\jdk1.8.0_51\bin;C:\Users\Manjunathan\AppData\Local\Microsoft\WindowsApps;;."/>
    <property name="java.vm.info" value="mixed mode"/>
    <property name="java.vendor" value="Oracle Corporation"/>
    <property name="java.vm.version" value="25.241-b07"/>
    <property name="java.ext.dirs" value="C:\Program Files\Java\jdk1.8.0_241\jre\lib\ext;C:\WINDOWS\Sun\Java\lib\ext"/>
    <property name="sun.io.unicode.encoding" value="UnicodeLittle"/>
    <property name="java.class.version" value="52.0"/>
  </properties>
  <testcase name="signupWithRepeatedEmail" classname="com.upgrad.quora.api.controller.UserControllerTest" time="0"/>
  <testcase name="signoutWithNonExistingAccessToken" classname="com.upgrad.quora.api.controller.UserControllerTest" time="0"/>
  <testcase name="signupWithRepeatedUserName" classname="com.upgrad.quora.api.controller.UserControllerTest" time="0"/>
</testsuite>